
*** Running vivado
    with args -log project.vds -m64 -product Vivado -mode batch -messageDb vivado.pb -notrace -source project.tcl


****** Vivado v2018.2 (64-bit)
  **** SW Build 2258646 on Thu Jun 14 20:02:38 MDT 2018
  **** IP Build 2256618 on Thu Jun 14 22:10:49 MDT 2018
    ** Copyright 1986-2018 Xilinx, Inc. All Rights Reserved.

source project.tcl -notrace
Command: synth_design -top project -part xc7a100tcsg324-1
Starting synth_design
Attempting to get a license for feature 'Synthesis' and/or device 'xc7a100t'
INFO: [Common 17-349] Got license for feature 'Synthesis' and/or device 'xc7a100t'
INFO: Launching helper process for spawning children vivado processes
INFO: Helper process launched with PID 29587 
---------------------------------------------------------------------------------
Starting RTL Elaboration : Time (s): cpu = 00:00:01 ; elapsed = 00:00:02 . Memory (MB): peak = 1401.574 ; gain = 85.805 ; free physical = 9574 ; free virtual = 21649
---------------------------------------------------------------------------------
INFO: [Synth 8-638] synthesizing module 'project' [/nfs/home/k/k_mandio/COEN313/Project/Modelsim/Code/project_1/project_1.srcs/sources_1/imports/Code/project.vhd:18]
INFO: [Synth 8-256] done synthesizing module 'project' (1#1) [/nfs/home/k/k_mandio/COEN313/Project/Modelsim/Code/project_1/project_1.srcs/sources_1/imports/Code/project.vhd:18]
---------------------------------------------------------------------------------
Finished RTL Elaboration : Time (s): cpu = 00:00:02 ; elapsed = 00:00:04 . Memory (MB): peak = 1446.215 ; gain = 130.445 ; free physical = 9586 ; free virtual = 21662
---------------------------------------------------------------------------------

Report Check Netlist: 
+------+------------------+-------+---------+-------+------------------+
|      |Item              |Errors |Warnings |Status |Description       |
+------+------------------+-------+---------+-------+------------------+
|1     |multi_driven_nets |      0|        0|Passed |Multi driven nets |
+------+------------------+-------+---------+-------+------------------+
---------------------------------------------------------------------------------
Start Handling Custom Attributes
---------------------------------------------------------------------------------
---------------------------------------------------------------------------------
Finished Handling Custom Attributes : Time (s): cpu = 00:00:02 ; elapsed = 00:00:04 . Memory (MB): peak = 1446.215 ; gain = 130.445 ; free physical = 9586 ; free virtual = 21661
---------------------------------------------------------------------------------
---------------------------------------------------------------------------------
Finished RTL Optimization Phase 1 : Time (s): cpu = 00:00:02 ; elapsed = 00:00:04 . Memory (MB): peak = 1446.215 ; gain = 130.445 ; free physical = 9586 ; free virtual = 21661
---------------------------------------------------------------------------------
INFO: [Device 21-403] Loading part xc7a100tcsg324-1
INFO: [Project 1-570] Preparing netlist for logic optimization

Processing XDC Constraints
Initializing timing engine
Parsing XDC File [/nfs/home/k/k_mandio/COEN313/Project/Modelsim/Code/project_1/project_1.srcs/constrs_1/imports/Code/project.xdc]
WARNING: [Vivado 12-584] No ports matched 'max_occupancy[0]'. [/nfs/home/k/k_mandio/COEN313/Project/Modelsim/Code/project_1/project_1.srcs/constrs_1/imports/Code/project.xdc:10]
CRITICAL WARNING: [Common 17-55] 'set_property' expects at least one object. [/nfs/home/k/k_mandio/COEN313/Project/Modelsim/Code/project_1/project_1.srcs/constrs_1/imports/Code/project.xdc:10]
Resolution: If [get_<value>] was used to populate the object, check to make sure this command returns at least one valid object.
WARNING: [Vivado 12-584] No ports matched 'max_occupancy[1]'. [/nfs/home/k/k_mandio/COEN313/Project/Modelsim/Code/project_1/project_1.srcs/constrs_1/imports/Code/project.xdc:11]
CRITICAL WARNING: [Common 17-55] 'set_property' expects at least one object. [/nfs/home/k/k_mandio/COEN313/Project/Modelsim/Code/project_1/project_1.srcs/constrs_1/imports/Code/project.xdc:11]
Resolution: If [get_<value>] was used to populate the object, check to make sure this command returns at least one valid object.
WARNING: [Vivado 12-584] No ports matched 'max_occupancy[2]'. [/nfs/home/k/k_mandio/COEN313/Project/Modelsim/Code/project_1/project_1.srcs/constrs_1/imports/Code/project.xdc:12]
CRITICAL WARNING: [Common 17-55] 'set_property' expects at least one object. [/nfs/home/k/k_mandio/COEN313/Project/Modelsim/Code/project_1/project_1.srcs/constrs_1/imports/Code/project.xdc:12]
Resolution: If [get_<value>] was used to populate the object, check to make sure this command returns at least one valid object.
WARNING: [Vivado 12-584] No ports matched 'max_occupancy[3]'. [/nfs/home/k/k_mandio/COEN313/Project/Modelsim/Code/project_1/project_1.srcs/constrs_1/imports/Code/project.xdc:13]
CRITICAL WARNING: [Common 17-55] 'set_property' expects at least one object. [/nfs/home/k/k_mandio/COEN313/Project/Modelsim/Code/project_1/project_1.srcs/constrs_1/imports/Code/project.xdc:13]
Resolution: If [get_<value>] was used to populate the object, check to make sure this command returns at least one valid object.
Finished Parsing XDC File [/nfs/home/k/k_mandio/COEN313/Project/Modelsim/Code/project_1/project_1.srcs/constrs_1/imports/Code/project.xdc]
INFO: [Project 1-236] Implementation specific constraints were found while reading constraint file [/nfs/home/k/k_mandio/COEN313/Project/Modelsim/Code/project_1/project_1.srcs/constrs_1/imports/Code/project.xdc]. These constraints will be ignored for synthesis but will be used in implementation. Impacted constraints are listed in the file [.Xil/project_propImpl.xdc].
Resolution: To avoid this warning, move constraints listed in [.Xil/project_propImpl.xdc] to another XDC file and exclude this new file from synthesis with the used_in_synthesis property (File Properties dialog in GUI) and re-run elaboration/synthesis.
Completed Processing XDC Constraints

INFO: [Project 1-111] Unisim Transformation Summary:
No Unisim elements were transformed.

Constraint Validation Runtime : Time (s): cpu = 00:00:00 ; elapsed = 00:00:00 . Memory (MB): peak = 1797.977 ; gain = 0.000 ; free physical = 9265 ; free virtual = 21347
---------------------------------------------------------------------------------
Finished Constraint Validation : Time (s): cpu = 00:00:10 ; elapsed = 00:00:37 . Memory (MB): peak = 1797.977 ; gain = 482.207 ; free physical = 9374 ; free virtual = 21457
---------------------------------------------------------------------------------
---------------------------------------------------------------------------------
Start Loading Part and Timing Information
---------------------------------------------------------------------------------
Loading part: xc7a100tcsg324-1
---------------------------------------------------------------------------------
Finished Loading Part and Timing Information : Time (s): cpu = 00:00:10 ; elapsed = 00:00:37 . Memory (MB): peak = 1797.977 ; gain = 482.207 ; free physical = 9374 ; free virtual = 21457
---------------------------------------------------------------------------------
---------------------------------------------------------------------------------
Start Applying 'set_property' XDC Constraints
---------------------------------------------------------------------------------
---------------------------------------------------------------------------------
Finished applying 'set_property' XDC Constraints : Time (s): cpu = 00:00:10 ; elapsed = 00:00:37 . Memory (MB): peak = 1797.977 ; gain = 482.207 ; free physical = 9374 ; free virtual = 21457
---------------------------------------------------------------------------------
INFO: [Synth 8-5818] HDL ADVISOR - The operator resource <adder> is shared. To prevent sharing consider applying a KEEP on the output of the operator [/nfs/home/k/k_mandio/COEN313/Project/Modelsim/Code/project_1/project_1.srcs/sources_1/imports/Code/project.vhd:38]
---------------------------------------------------------------------------------
Finished RTL Optimization Phase 2 : Time (s): cpu = 00:00:10 ; elapsed = 00:00:37 . Memory (MB): peak = 1797.977 ; gain = 482.207 ; free physical = 9366 ; free virtual = 21449
---------------------------------------------------------------------------------

Report RTL Partitions: 
+-+--------------+------------+----------+
| |RTL Partition |Replication |Instances |
+-+--------------+------------+----------+
+-+--------------+------------+----------+
---------------------------------------------------------------------------------
Start RTL Component Statistics 
---------------------------------------------------------------------------------
Detailed RTL Component Info : 
+---Adders : 
	   2 Input      6 Bit       Adders := 1     
+---Registers : 
	                6 Bit    Registers := 1     
+---Muxes : 
	   2 Input      1 Bit        Muxes := 1     
---------------------------------------------------------------------------------
Finished RTL Component Statistics 
---------------------------------------------------------------------------------
---------------------------------------------------------------------------------
Start RTL Hierarchical Component Statistics 
---------------------------------------------------------------------------------
Hierarchical RTL Component report 
Module project 
Detailed RTL Component Info : 
+---Adders : 
	   2 Input      6 Bit       Adders := 1     
+---Registers : 
	                6 Bit    Registers := 1     
+---Muxes : 
	   2 Input      1 Bit        Muxes := 1     
---------------------------------------------------------------------------------
Finished RTL Hierarchical Component Statistics
---------------------------------------------------------------------------------
---------------------------------------------------------------------------------
Start Part Resource Summary
---------------------------------------------------------------------------------
Part Resources:
DSPs: 240 (col length:80)
BRAMs: 270 (col length: RAMB18 80 RAMB36 40)
---------------------------------------------------------------------------------
Finished Part Resource Summary
---------------------------------------------------------------------------------
---------------------------------------------------------------------------------
Start Cross Boundary and Area Optimization
---------------------------------------------------------------------------------
Warning: Parallel synthesis criteria is not met 
---------------------------------------------------------------------------------
Finished Cross Boundary and Area Optimization : Time (s): cpu = 00:00:10 ; elapsed = 00:00:38 . Memory (MB): peak = 1797.977 ; gain = 482.207 ; free physical = 9355 ; free virtual = 21440
---------------------------------------------------------------------------------

Report RTL Partitions: 
+-+--------------+------------+----------+
| |RTL Partition |Replication |Instances |
+-+--------------+------------+----------+
+-+--------------+------------+----------+
---------------------------------------------------------------------------------
Start Applying XDC Timing Constraints
---------------------------------------------------------------------------------
---------------------------------------------------------------------------------
Finished Applying XDC Timing Constraints : Time (s): cpu = 00:00:15 ; elapsed = 00:00:48 . Memory (MB): peak = 1797.977 ; gain = 482.207 ; free physical = 9248 ; free virtual = 21332
---------------------------------------------------------------------------------
---------------------------------------------------------------------------------
Start Timing Optimization
---------------------------------------------------------------------------------
---------------------------------------------------------------------------------
Finished Timing Optimization : Time (s): cpu = 00:00:15 ; elapsed = 00:00:48 . Memory (MB): peak = 1797.977 ; gain = 482.207 ; free physical = 9247 ; free virtual = 21332
---------------------------------------------------------------------------------

Report RTL Partitions: 
+-+--------------+------------+----------+
| |RTL Partition |Replication |Instances |
+-+--------------+------------+----------+
+-+--------------+------------+----------+
---------------------------------------------------------------------------------
Start Technology Mapping
---------------------------------------------------------------------------------
---------------------------------------------------------------------------------
Finished Technology Mapping : Time (s): cpu = 00:00:15 ; elapsed = 00:00:48 . Memory (MB): peak = 1797.977 ; gain = 482.207 ; free physical = 9247 ; free virtual = 21331
---------------------------------------------------------------------------------

Report RTL Partitions: 
+-+--------------+------------+----------+
| |RTL Partition |Replication |Instances |
+-+--------------+------------+----------+
+-+--------------+------------+----------+
---------------------------------------------------------------------------------
Start IO Insertion
---------------------------------------------------------------------------------
---------------------------------------------------------------------------------
Start Flattening Before IO Insertion
---------------------------------------------------------------------------------
---------------------------------------------------------------------------------
Finished Flattening Before IO Insertion
---------------------------------------------------------------------------------
---------------------------------------------------------------------------------
Start Final Netlist Cleanup
---------------------------------------------------------------------------------
---------------------------------------------------------------------------------
Finished Final Netlist Cleanup
---------------------------------------------------------------------------------
---------------------------------------------------------------------------------
Finished IO Insertion : Time (s): cpu = 00:00:15 ; elapsed = 00:00:48 . Memory (MB): peak = 1797.977 ; gain = 482.207 ; free physical = 9248 ; free virtual = 21333
---------------------------------------------------------------------------------

Report Check Netlist: 
+------+------------------+-------+---------+-------+------------------+
|      |Item              |Errors |Warnings |Status |Description       |
+------+------------------+-------+---------+-------+------------------+
|1     |multi_driven_nets |      0|        0|Passed |Multi driven nets |
+------+------------------+-------+---------+-------+------------------+
---------------------------------------------------------------------------------
Start Renaming Generated Instances
---------------------------------------------------------------------------------
---------------------------------------------------------------------------------
Finished Renaming Generated Instances : Time (s): cpu = 00:00:15 ; elapsed = 00:00:48 . Memory (MB): peak = 1797.977 ; gain = 482.207 ; free physical = 9248 ; free virtual = 21332
---------------------------------------------------------------------------------

Report RTL Partitions: 
+-+--------------+------------+----------+
| |RTL Partition |Replication |Instances |
+-+--------------+------------+----------+
+-+--------------+------------+----------+
---------------------------------------------------------------------------------
Start Rebuilding User Hierarchy
---------------------------------------------------------------------------------
---------------------------------------------------------------------------------
Finished Rebuilding User Hierarchy : Time (s): cpu = 00:00:15 ; elapsed = 00:00:48 . Memory (MB): peak = 1797.977 ; gain = 482.207 ; free physical = 9248 ; free virtual = 21332
---------------------------------------------------------------------------------
---------------------------------------------------------------------------------
Start Renaming Generated Ports
---------------------------------------------------------------------------------
---------------------------------------------------------------------------------
Finished Renaming Generated Ports : Time (s): cpu = 00:00:15 ; elapsed = 00:00:48 . Memory (MB): peak = 1797.977 ; gain = 482.207 ; free physical = 9248 ; free virtual = 21332
---------------------------------------------------------------------------------
---------------------------------------------------------------------------------
Start Handling Custom Attributes
---------------------------------------------------------------------------------
---------------------------------------------------------------------------------
Finished Handling Custom Attributes : Time (s): cpu = 00:00:15 ; elapsed = 00:00:48 . Memory (MB): peak = 1797.977 ; gain = 482.207 ; free physical = 9248 ; free virtual = 21332
---------------------------------------------------------------------------------
---------------------------------------------------------------------------------
Start Renaming Generated Nets
---------------------------------------------------------------------------------
---------------------------------------------------------------------------------
Finished Renaming Generated Nets : Time (s): cpu = 00:00:15 ; elapsed = 00:00:48 . Memory (MB): peak = 1797.977 ; gain = 482.207 ; free physical = 9248 ; free virtual = 21332
---------------------------------------------------------------------------------
---------------------------------------------------------------------------------
Start Writing Synthesis Report
---------------------------------------------------------------------------------

Report BlackBoxes: 
+-+--------------+----------+
| |BlackBox name |Instances |
+-+--------------+----------+
+-+--------------+----------+

Report Cell Usage: 
+------+-----+------+
|      |Cell |Count |
+------+-----+------+
|1     |BUFG |     1|
|2     |LUT1 |     1|
|3     |LUT3 |     2|
|4     |LUT4 |     2|
|5     |LUT5 |     5|
|6     |LUT6 |     3|
|7     |FDCE |     6|
|8     |IBUF |     4|
|9     |OBUF |     7|
+------+-----+------+

Report Instance Areas: 
+------+---------+-------+------+
|      |Instance |Module |Cells |
+------+---------+-------+------+
|1     |top      |       |    31|
+------+---------+-------+------+
---------------------------------------------------------------------------------
Finished Writing Synthesis Report : Time (s): cpu = 00:00:15 ; elapsed = 00:00:48 . Memory (MB): peak = 1797.977 ; gain = 482.207 ; free physical = 9248 ; free virtual = 21332
---------------------------------------------------------------------------------
Synthesis finished with 0 errors, 0 critical warnings and 0 warnings.
Synthesis Optimization Runtime : Time (s): cpu = 00:00:09 ; elapsed = 00:00:18 . Memory (MB): peak = 1797.977 ; gain = 130.445 ; free physical = 9302 ; free virtual = 21387
Synthesis Optimization Complete : Time (s): cpu = 00:00:15 ; elapsed = 00:00:48 . Memory (MB): peak = 1797.977 ; gain = 482.207 ; free physical = 9312 ; free virtual = 21396
INFO: [Project 1-571] Translating synthesized netlist
INFO: [Netlist 29-17] Analyzing 4 Unisim elements for replacement
INFO: [Netlist 29-28] Unisim Transformation completed in 0 CPU seconds
INFO: [Project 1-570] Preparing netlist for logic optimization
INFO: [Opt 31-138] Pushed 0 inverter(s) to 0 load pin(s).
INFO: [Project 1-111] Unisim Transformation Summary:
No Unisim elements were transformed.

INFO: [Common 17-83] Releasing license: Synthesis
15 Infos, 4 Warnings, 4 Critical Warnings and 0 Errors encountered.
synth_design completed successfully
synth_design: Time (s): cpu = 00:00:16 ; elapsed = 00:00:49 . Memory (MB): peak = 1822.992 ; gain = 519.871 ; free physical = 9281 ; free virtual = 21370
WARNING: [Constraints 18-5210] No constraint will be written out.
INFO: [Common 17-1381] The checkpoint '/nfs/home/k/k_mandio/COEN313/Project/Modelsim/Code/project_1/project_1.runs/synth_1/project.dcp' has been generated.
INFO: [runtcl-4] Executing : report_utilization -file project_utilization_synth.rpt -pb project_utilization_synth.pb
report_utilization: Time (s): cpu = 00:00:00.03 ; elapsed = 00:00:00.08 . Memory (MB): peak = 1847.016 ; gain = 0.000 ; free physical = 9282 ; free virtual = 21371
INFO: [Common 17-206] Exiting Vivado at Mon Jun 17 18:27:45 2024...
